<?xml version="1.0" encoding="UTF-8"?>
<!-- Generated by org.testng.reporters.JUnitReportReporter -->
<testsuite hostname="DESKTOP-EPMI7CB" failures="0" tests="1" name="WB.SeleniumAssignments.DownloadBook" time="15.865" errors="0" timestamp="2020-01-26T11:35:56 PST" skipped="0">
  <testcase classname="WB.SeleniumAssignments.DownloadBook" name="bookDL" time="15.865"/>
</testsuite> <!-- WB.SeleniumAssignments.DownloadBook -->
